# JRE version: OpenJDK Runtime Environment (21.0.10) (build 21.0.10+-14961533-b1163.108)
# Java VM: OpenJDK 64-Bit Server VM (21.0.10+-14961533-b1163.108, mixed mode, tiered, compressed oops, compressed class ptrs, g1 gc, windows-amd64)
GC Precious Log:
 CardTable entry size: 512
 Card Set container configuration: InlinePtr #cards 5 size 8 Array Of Cards #cards 12 size 40 Howl #buckets 4 coarsen threshold 1843 Howl Bitmap #cards 512 size 80 coarsen threshold 460 Card regions per heap region 1 cards per card region 2048
 CPUs: 12 total, 12 available
 Memory: 16068M
 Large Page Support: Disabled
 NUMA Support: Disabled
 Compressed Oops: Enabled (32-bit)
 Heap Region Size: 1M
 Heap Min Capacity: 8M
 Heap Initial Capacity: 252M
 Heap Max Capacity: 2G
 Pre-touch: Disabled
 Parallel Workers: 10
 Concurrent Workers: 3
 Concurrent Refinement Workers: 10
 Periodic GC: Disabled
Heap:
 garbage-first heap   total 232448K, used 175871K [0x0000000080000000, 0x0000000100000000)
  region size 1024K, 87 young (89088K), 9 survivors (9216K)
 Metaspace       used 112649K, committed 115008K, reserved 1179648K
  class space    used 15983K, committed 17152K, reserved 1048576K
GC Heap History (20 events):
Event: 6.598 GC heap before
{Heap before GC invocations=20 (full 0):
 garbage-first heap   total 110592K, used 102400K [0x0000000080000000, 0x0000000100000000)
  region size 1024K, 53 young (54272K), 3 survivors (3072K)
 Metaspace       used 71555K, committed 73408K, reserved 1114112K
  class space    used 10201K, committed 11072K, reserved 1048576K
}
Event: 6.601 GC heap after
{Heap after GC invocations=21 (full 0):
 garbage-first heap   total 136192K, used 52508K [0x0000000080000000, 0x0000000100000000)
  region size 1024K, 4 young (4096K), 4 survivors (4096K)
 Metaspace       used 71555K, committed 73408K, reserved 1114112K
  class space    used 10201K, committed 11072K, reserved 1048576K
}
Event: 6.690 GC heap before
{Heap before GC invocations=21 (full 0):
 garbage-first heap   total 136192K, used 127260K [0x0000000080000000, 0x0000000100000000)
  region size 1024K, 77 young (78848K), 4 survivors (4096K)
 Metaspace       used 71624K, committed 73472K, reserved 1114112K
  class space    used 10201K, committed 11072K, reserved 1048576K
}
Event: 6.692 GC heap after
{Heap after GC invocations=22 (full 0):
 garbage-first heap   total 136192K, used 53120K [0x0000000080000000, 0x0000000100000000)
  region size 1024K, 5 young (5120K), 5 survivors (5120K)
 Metaspace       used 71624K, committed 73472K, reserved 1114112K
  class space    used 10201K, committed 11072K, reserved 1048576K
}
Event: 6.752 GC heap before
{Heap before GC invocations=23 (full 0):
 garbage-first heap   total 136192K, used 125824K [0x0000000080000000, 0x0000000100000000)
  region size 1024K, 77 young (78848K), 5 survivors (5120K)
 Metaspace       used 71631K, committed 73472K, reserved 1114112K
  class space    used 10201K, committed 11072K, reserved 1048576K
}
Event: 6.754 GC heap after
{Heap after GC invocations=24 (full 0):
 garbage-first heap   total 136192K, used 53599K [0x0000000080000000, 0x0000000100000000)
  region size 1024K, 5 young (5120K), 5 survivors (5120K)
 Metaspace       used 71631K, committed 73472K, reserved 1114112K
  class space    used 10201K, committed 11072K, reserved 1048576K
}
Event: 6.800 GC heap before
{Heap before GC invocations=24 (full 0):
 garbage-first heap   total 136192K, used 126303K [0x0000000080000000, 0x0000000100000000)
  region size 1024K, 77 young (78848K), 5 survivors (5120K)
 Metaspace       used 71640K, committed 73536K, reserved 1114112K
  class space    used 10201K, committed 11072K, reserved 1048576K
}
Event: 6.803 GC heap after
{Heap after GC invocations=25 (full 0):
 garbage-first heap   total 136192K, used 54187K [0x0000000080000000, 0x0000000100000000)
  region size 1024K, 6 young (6144K), 6 survivors (6144K)
 Metaspace       used 71640K, committed 73536K, reserved 1114112K
  class space    used 10201K, committed 11072K, reserved 1048576K
}
Event: 6.981 GC heap before
{Heap before GC invocations=25 (full 0):
 garbage-first heap   total 136192K, used 82859K [0x0000000080000000, 0x0000000100000000)
  region size 1024K, 35 young (35840K), 6 survivors (6144K)
 Metaspace       used 71977K, committed 73984K, reserved 1114112K
  class space    used 10250K, committed 11200K, reserved 1048576K
}
Event: 6.985 GC heap after
{Heap after GC invocations=26 (full 0):
 garbage-first heap   total 136192K, used 56237K [0x0000000080000000, 0x0000000100000000)
  region size 1024K, 7 young (7168K), 7 survivors (7168K)
 Metaspace       used 71977K, committed 73984K, reserved 1114112K
  class space    used 10250K, committed 11200K, reserved 1048576K
}
Event: 7.368 GC heap before
{Heap before GC invocations=27 (full 0):
 garbage-first heap   total 136192K, used 134061K [0x0000000080000000, 0x0000000100000000)
  region size 1024K, 75 young (76800K), 7 survivors (7168K)
 Metaspace       used 76560K, committed 78528K, reserved 1179648K
  class space    used 10776K, committed 11712K, reserved 1048576K
}
Event: 7.376 GC heap after
{Heap after GC invocations=28 (full 0):
 garbage-first heap   total 232448K, used 71997K [0x0000000080000000, 0x0000000100000000)
  region size 1024K, 10 young (10240K), 10 survivors (10240K)
 Metaspace       used 76560K, committed 78528K, reserved 1179648K
  class space    used 10776K, committed 11712K, reserved 1048576K
}
Event: 8.130 GC heap before
{Heap before GC invocations=28 (full 0):
 garbage-first heap   total 232448K, used 185661K [0x0000000080000000, 0x0000000100000000)
  region size 1024K, 119 young (121856K), 10 survivors (10240K)
 Metaspace       used 87843K, committed 89920K, reserved 1179648K
  class space    used 12243K, committed 13248K, reserved 1048576K
}
Event: 8.137 GC heap after
{Heap after GC invocations=29 (full 0):
 garbage-first heap   total 232448K, used 78945K [0x0000000080000000, 0x0000000100000000)
  region size 1024K, 13 young (13312K), 13 survivors (13312K)
 Metaspace       used 87843K, committed 89920K, reserved 1179648K
  class space    used 12243K, committed 13248K, reserved 1048576K
}
Event: 9.106 GC heap before
{Heap before GC invocations=29 (full 0):
 garbage-first heap   total 232448K, used 195681K [0x0000000080000000, 0x0000000100000000)
  region size 1024K, 122 young (124928K), 13 survivors (13312K)
 Metaspace       used 94161K, committed 96256K, reserved 1179648K
  class space    used 13073K, committed 14080K, reserved 1048576K
}
Event: 9.114 GC heap after
{Heap after GC invocations=30 (full 0):
 garbage-first heap   total 232448K, used 88261K [0x0000000080000000, 0x0000000100000000)
  region size 1024K, 13 young (13312K), 13 survivors (13312K)
 Metaspace       used 94161K, committed 96256K, reserved 1179648K
  class space    used 13073K, committed 14080K, reserved 1048576K
}
Event: 9.985 GC heap before
{Heap before GC invocations=30 (full 0):
 garbage-first heap   total 232448K, used 196805K [0x0000000080000000, 0x0000000100000000)
  region size 1024K, 119 young (121856K), 13 survivors (13312K)
 Metaspace       used 101573K, committed 103808K, reserved 1179648K
  class space    used 14326K, committed 15424K, reserved 1048576K
}
Event: 9.995 GC heap after
{Heap after GC invocations=31 (full 0):
 garbage-first heap   total 232448K, used 91093K [0x0000000080000000, 0x0000000100000000)
  region size 1024K, 11 young (11264K), 11 survivors (11264K)
 Metaspace       used 101573K, committed 103808K, reserved 1179648K
  class space    used 14326K, committed 15424K, reserved 1048576K
}
Event: 12.131 GC heap before
{Heap before GC invocations=31 (full 0):
 garbage-first heap   total 232448K, used 201685K [0x0000000080000000, 0x0000000100000000)
  region size 1024K, 119 young (121856K), 11 survivors (11264K)
 Metaspace       used 109338K, committed 111680K, reserved 1179648K
  class space    used 15500K, committed 16640K, reserved 1048576K
}
Event: 12.153 GC heap after
{Heap after GC invocations=32 (full 0):
 garbage-first heap   total 232448K, used 97023K [0x0000000080000000, 0x0000000100000000)
  region size 1024K, 9 young (9216K), 9 survivors (9216K)
 Metaspace       used 109338K, committed 111680K, reserved 1179648K
  class space    used 15500K, committed 16640K, reserved 1048576K
}

