# JRE version: OpenJDK Runtime Environment (21.0.10) (build 21.0.10+-14961533-b1163.108)
# Java VM: OpenJDK 64-Bit Server VM (21.0.10+-14961533-b1163.108, mixed mode, tiered, compressed oops, compressed class ptrs, g1 gc, windows-amd64)
GC Precious Log:
 CardTable entry size: 512
 Card Set container configuration: InlinePtr #cards 5 size 8 Array Of Cards #cards 12 size 40 Howl #buckets 4 coarsen threshold 1843 Howl Bitmap #cards 512 size 80 coarsen threshold 460 Card regions per heap region 1 cards per card region 2048
 CPUs: 12 total, 12 available
 Memory: 16068M
 Large Page Support: Disabled
 NUMA Support: Disabled
 Compressed Oops: Enabled (32-bit)
 Heap Region Size: 1M
 Heap Min Capacity: 8M
 Heap Initial Capacity: 252M
 Heap Max Capacity: 2G
 Pre-touch: Disabled
 Parallel Workers: 10
 Concurrent Workers: 3
 Concurrent Refinement Workers: 10
 Periodic GC: Disabled
Heap:
 garbage-first heap   total 274432K, used 252220K [0x0000000080000000, 0x0000000100000000)
  region size 1024K, 126 young (129024K), 10 survivors (10240K)
 Metaspace       used 130911K, committed 133376K, reserved 1179648K
  class space    used 18031K, committed 19264K, reserved 1048576K
GC Heap History (20 events):
Event: 27.179 GC heap before
{Heap before GC invocations=50 (full 0):
 garbage-first heap   total 199680K, used 186108K [0x0000000080000000, 0x0000000100000000)
  region size 1024K, 68 young (69632K), 3 survivors (3072K)
 Metaspace       used 120471K, committed 122816K, reserved 1179648K
  class space    used 16931K, committed 18048K, reserved 1048576K
}
Event: 27.186 GC heap after
{Heap after GC invocations=51 (full 0):
 garbage-first heap   total 199680K, used 120560K [0x0000000080000000, 0x0000000100000000)
  region size 1024K, 4 young (4096K), 4 survivors (4096K)
 Metaspace       used 120471K, committed 122816K, reserved 1179648K
  class space    used 16931K, committed 18048K, reserved 1048576K
}
Event: 27.466 GC heap before
{Heap before GC invocations=52 (full 0):
 garbage-first heap   total 203776K, used 186096K [0x0000000080000000, 0x0000000100000000)
  region size 1024K, 69 young (70656K), 4 survivors (4096K)
 Metaspace       used 120556K, committed 122880K, reserved 1179648K
  class space    used 16937K, committed 18048K, reserved 1048576K
}
Event: 27.471 GC heap after
{Heap after GC invocations=53 (full 0):
 garbage-first heap   total 203776K, used 121117K [0x0000000080000000, 0x0000000100000000)
  region size 1024K, 5 young (5120K), 5 survivors (5120K)
 Metaspace       used 120556K, committed 122880K, reserved 1179648K
  class space    used 16937K, committed 18048K, reserved 1048576K
}
Event: 27.808 GC heap before
{Heap before GC invocations=53 (full 0):
 garbage-first heap   total 203776K, used 189725K [0x0000000080000000, 0x0000000100000000)
  region size 1024K, 73 young (74752K), 5 survivors (5120K)
 Metaspace       used 120878K, committed 123264K, reserved 1179648K
  class space    used 16973K, committed 18112K, reserved 1048576K
}
Event: 27.818 GC heap after
{Heap after GC invocations=54 (full 0):
 garbage-first heap   total 263168K, used 121030K [0x0000000080000000, 0x0000000100000000)
  region size 1024K, 5 young (5120K), 5 survivors (5120K)
 Metaspace       used 120878K, committed 123264K, reserved 1179648K
  class space    used 16973K, committed 18112K, reserved 1048576K
}
Event: 28.111 GC heap before
{Heap before GC invocations=54 (full 0):
 garbage-first heap   total 263168K, used 241862K [0x0000000080000000, 0x0000000100000000)
  region size 1024K, 124 young (126976K), 5 survivors (5120K)
 Metaspace       used 121050K, committed 123520K, reserved 1179648K
  class space    used 16992K, committed 18176K, reserved 1048576K
}
Event: 28.119 GC heap after
{Heap after GC invocations=55 (full 0):
 garbage-first heap   total 263168K, used 121477K [0x0000000080000000, 0x0000000100000000)
  region size 1024K, 6 young (6144K), 6 survivors (6144K)
 Metaspace       used 121050K, committed 123520K, reserved 1179648K
  class space    used 16992K, committed 18176K, reserved 1048576K
}
Event: 28.888 GC heap before
{Heap before GC invocations=56 (full 0):
 garbage-first heap   total 263168K, used 244357K [0x0000000080000000, 0x0000000100000000)
  region size 1024K, 127 young (130048K), 6 survivors (6144K)
 Metaspace       used 121395K, committed 123776K, reserved 1179648K
  class space    used 17043K, committed 18176K, reserved 1048576K
}
Event: 28.897 GC heap after
{Heap after GC invocations=57 (full 0):
 garbage-first heap   total 263168K, used 122742K [0x0000000080000000, 0x0000000100000000)
  region size 1024K, 7 young (7168K), 7 survivors (7168K)
 Metaspace       used 121395K, committed 123776K, reserved 1179648K
  class space    used 17043K, committed 18176K, reserved 1048576K
}
Event: 30.734 GC heap before
{Heap before GC invocations=57 (full 0):
 garbage-first heap   total 263168K, used 251766K [0x0000000080000000, 0x0000000100000000)
  region size 1024K, 129 young (132096K), 7 survivors (7168K)
 Metaspace       used 127572K, committed 129984K, reserved 1179648K
  class space    used 17666K, committed 18816K, reserved 1048576K
}
Event: 30.747 GC heap after
{Heap after GC invocations=58 (full 0):
 garbage-first heap   total 268288K, used 131408K [0x0000000080000000, 0x0000000100000000)
  region size 1024K, 13 young (13312K), 13 survivors (13312K)
 Metaspace       used 127572K, committed 129984K, reserved 1179648K
  class space    used 17666K, committed 18816K, reserved 1048576K
}
Event: 31.220 GC heap before
{Heap before GC invocations=58 (full 0):
 garbage-first heap   total 268288K, used 250192K [0x0000000080000000, 0x0000000100000000)
  region size 1024K, 130 young (133120K), 13 survivors (13312K)
 Metaspace       used 128064K, committed 130496K, reserved 1179648K
  class space    used 17729K, committed 18880K, reserved 1048576K
}
Event: 31.233 GC heap after
{Heap after GC invocations=59 (full 0):
 garbage-first heap   total 268288K, used 132516K [0x0000000080000000, 0x0000000100000000)
  region size 1024K, 11 young (11264K), 11 survivors (11264K)
 Metaspace       used 128064K, committed 130496K, reserved 1179648K
  class space    used 17729K, committed 18880K, reserved 1048576K
}
Event: 34.494 GC heap before
{Heap before GC invocations=60 (full 0):
 garbage-first heap   total 268288K, used 259492K [0x0000000080000000, 0x0000000100000000)
  region size 1024K, 128 young (131072K), 11 survivors (11264K)
 Metaspace       used 130100K, committed 132544K, reserved 1179648K
  class space    used 17941K, committed 19136K, reserved 1048576K
}
Event: 34.498 GC heap after
{Heap after GC invocations=61 (full 0):
 garbage-first heap   total 274432K, used 134325K [0x0000000080000000, 0x0000000100000000)
  region size 1024K, 10 young (10240K), 10 survivors (10240K)
 Metaspace       used 130100K, committed 132544K, reserved 1179648K
  class space    used 17941K, committed 19136K, reserved 1048576K
}
Event: 34.611 GC heap before
{Heap before GC invocations=61 (full 0):
 garbage-first heap   total 274432K, used 258229K [0x0000000080000000, 0x0000000100000000)
  region size 1024K, 132 young (135168K), 10 survivors (10240K)
 Metaspace       used 130660K, committed 133184K, reserved 1179648K
  class space    used 18009K, committed 19264K, reserved 1048576K
}
Event: 34.617 GC heap after
{Heap after GC invocations=62 (full 0):
 garbage-first heap   total 274432K, used 134886K [0x0000000080000000, 0x0000000100000000)
  region size 1024K, 10 young (10240K), 10 survivors (10240K)
 Metaspace       used 130660K, committed 133184K, reserved 1179648K
  class space    used 18009K, committed 19264K, reserved 1048576K
}
Event: 34.782 GC heap before
{Heap before GC invocations=62 (full 0):
 garbage-first heap   total 274432K, used 257766K [0x0000000080000000, 0x0000000100000000)
  region size 1024K, 131 young (134144K), 10 survivors (10240K)
 Metaspace       used 130756K, committed 133248K, reserved 1179648K
  class space    used 18019K, committed 19264K, reserved 1048576K
}
Event: 34.789 GC heap after
{Heap after GC invocations=63 (full 0):
 garbage-first heap   total 274432K, used 135484K [0x0000000080000000, 0x0000000100000000)
  region size 1024K, 10 young (10240K), 10 survivors (10240K)
 Metaspace       used 130756K, committed 133248K, reserved 1179648K
  class space    used 18019K, committed 19264K, reserved 1048576K
}

