# JRE version: OpenJDK Runtime Environment (21.0.10) (build 21.0.10+-14961533-b1163.108)
# Java VM: OpenJDK 64-Bit Server VM (21.0.10+-14961533-b1163.108, mixed mode, tiered, compressed oops, compressed class ptrs, g1 gc, windows-amd64)
GC Precious Log:
 CardTable entry size: 512
 Card Set container configuration: InlinePtr #cards 5 size 8 Array Of Cards #cards 12 size 40 Howl #buckets 4 coarsen threshold 1843 Howl Bitmap #cards 512 size 80 coarsen threshold 460 Card regions per heap region 1 cards per card region 2048
 CPUs: 12 total, 12 available
 Memory: 16068M
 Large Page Support: Disabled
 NUMA Support: Disabled
 Compressed Oops: Enabled (32-bit)
 Heap Region Size: 1M
 Heap Min Capacity: 8M
 Heap Initial Capacity: 252M
 Heap Max Capacity: 2G
 Pre-touch: Disabled
 Parallel Workers: 10
 Concurrent Workers: 3
 Concurrent Refinement Workers: 10
 Periodic GC: Disabled
Heap:
 garbage-first heap   total 160768K, used 132773K [0x0000000080000000, 0x0000000100000000)
  region size 1024K, 44 young (45056K), 7 survivors (7168K)
 Metaspace       used 111344K, committed 113664K, reserved 1179648K
  class space    used 15791K, committed 16960K, reserved 1048576K
GC Heap History (20 events):
Event: 23.117 GC heap before
{Heap before GC invocations=29 (full 0):
 garbage-first heap   total 156672K, used 62482K [0x0000000080000000, 0x0000000100000000)
  region size 1024K, 10 young (10240K), 9 survivors (9216K)
 Metaspace       used 72005K, committed 73920K, reserved 1114112K
  class space    used 10245K, committed 11136K, reserved 1048576K
}
Event: 23.124 GC heap after
{Heap after GC invocations=30 (full 0):
 garbage-first heap   total 156672K, used 62757K [0x0000000080000000, 0x0000000100000000)
  region size 1024K, 7 young (7168K), 7 survivors (7168K)
 Metaspace       used 72005K, committed 73920K, reserved 1114112K
  class space    used 10245K, committed 11136K, reserved 1048576K
}
Event: 24.483 GC heap before
{Heap before GC invocations=31 (full 0):
 garbage-first heap   total 156672K, used 128293K [0x0000000080000000, 0x0000000100000000)
  region size 1024K, 67 young (68608K), 7 survivors (7168K)
 Metaspace       used 76162K, committed 78080K, reserved 1179648K
  class space    used 10709K, committed 11584K, reserved 1048576K
}
Event: 24.491 GC heap after
{Heap after GC invocations=32 (full 0):
 garbage-first heap   total 156672K, used 72129K [0x0000000080000000, 0x0000000100000000)
  region size 1024K, 9 young (9216K), 9 survivors (9216K)
 Metaspace       used 76162K, committed 78080K, reserved 1179648K
  class space    used 10709K, committed 11584K, reserved 1048576K
}
Event: 26.004 GC heap before
{Heap before GC invocations=32 (full 0):
 garbage-first heap   total 156672K, used 131521K [0x0000000080000000, 0x0000000100000000)
  region size 1024K, 65 young (66560K), 9 survivors (9216K)
 Metaspace       used 81725K, committed 83712K, reserved 1179648K
  class space    used 11432K, committed 12416K, reserved 1048576K
}
Event: 26.013 GC heap after
{Heap after GC invocations=33 (full 0):
 garbage-first heap   total 156672K, used 76708K [0x0000000080000000, 0x0000000100000000)
  region size 1024K, 3 young (3072K), 3 survivors (3072K)
 Metaspace       used 81725K, committed 83712K, reserved 1179648K
  class space    used 11432K, committed 12416K, reserved 1048576K
}
Event: 27.605 GC heap before
{Heap before GC invocations=33 (full 0):
 garbage-first heap   total 156672K, used 134052K [0x0000000080000000, 0x0000000100000000)
  region size 1024K, 59 young (60416K), 3 survivors (3072K)
 Metaspace       used 86644K, committed 88704K, reserved 1179648K
  class space    used 12100K, committed 13056K, reserved 1048576K
}
Event: 27.613 GC heap after
{Heap after GC invocations=34 (full 0):
 garbage-first heap   total 156672K, used 78796K [0x0000000080000000, 0x0000000100000000)
  region size 1024K, 5 young (5120K), 5 survivors (5120K)
 Metaspace       used 86644K, committed 88704K, reserved 1179648K
  class space    used 12100K, committed 13056K, reserved 1048576K
}
Event: 29.166 GC heap before
{Heap before GC invocations=35 (full 0):
 garbage-first heap   total 156672K, used 142284K [0x0000000080000000, 0x0000000100000000)
  region size 1024K, 62 young (63488K), 5 survivors (5120K)
 Metaspace       used 90533K, committed 92544K, reserved 1179648K
  class space    used 12612K, committed 13568K, reserved 1048576K
}
Event: 29.175 GC heap after
{Heap after GC invocations=36 (full 0):
 garbage-first heap   total 156672K, used 84937K [0x0000000080000000, 0x0000000100000000)
  region size 1024K, 8 young (8192K), 8 survivors (8192K)
 Metaspace       used 90533K, committed 92544K, reserved 1179648K
  class space    used 12612K, committed 13568K, reserved 1048576K
}
Event: 30.525 GC heap before
{Heap before GC invocations=36 (full 0):
 garbage-first heap   total 156672K, used 139209K [0x0000000080000000, 0x0000000100000000)
  region size 1024K, 61 young (62464K), 8 survivors (8192K)
 Metaspace       used 93861K, committed 95936K, reserved 1179648K
  class space    used 13038K, committed 14016K, reserved 1048576K
}
Event: 30.536 GC heap after
{Heap after GC invocations=37 (full 0):
 garbage-first heap   total 156672K, used 87923K [0x0000000080000000, 0x0000000100000000)
  region size 1024K, 4 young (4096K), 4 survivors (4096K)
 Metaspace       used 93861K, committed 95936K, reserved 1179648K
  class space    used 13038K, committed 14016K, reserved 1048576K
}
Event: 31.852 GC heap before
{Heap before GC invocations=37 (full 0):
 garbage-first heap   total 156672K, used 141171K [0x0000000080000000, 0x0000000100000000)
  region size 1024K, 56 young (57344K), 4 survivors (4096K)
 Metaspace       used 97534K, committed 99712K, reserved 1179648K
  class space    used 13640K, committed 14656K, reserved 1048576K
}
Event: 31.860 GC heap after
{Heap after GC invocations=38 (full 0):
 garbage-first heap   total 156672K, used 89346K [0x0000000080000000, 0x0000000100000000)
  region size 1024K, 5 young (5120K), 5 survivors (5120K)
 Metaspace       used 97534K, committed 99712K, reserved 1179648K
  class space    used 13640K, committed 14656K, reserved 1048576K
}
Event: 32.988 GC heap before
{Heap before GC invocations=39 (full 0):
 garbage-first heap   total 156672K, used 142594K [0x0000000080000000, 0x0000000100000000)
  region size 1024K, 57 young (58368K), 5 survivors (5120K)
 Metaspace       used 101053K, committed 103232K, reserved 1179648K
  class space    used 14269K, committed 15296K, reserved 1048576K
}
Event: 32.997 GC heap after
{Heap after GC invocations=40 (full 0):
 garbage-first heap   total 156672K, used 90895K [0x0000000080000000, 0x0000000100000000)
  region size 1024K, 4 young (4096K), 4 survivors (4096K)
 Metaspace       used 101053K, committed 103232K, reserved 1179648K
  class space    used 14269K, committed 15296K, reserved 1048576K
}
Event: 33.965 GC heap before
{Heap before GC invocations=40 (full 0):
 garbage-first heap   total 156672K, used 144143K [0x0000000080000000, 0x0000000100000000)
  region size 1024K, 56 young (57344K), 4 survivors (4096K)
 Metaspace       used 104981K, committed 107264K, reserved 1179648K
  class space    used 14856K, committed 15936K, reserved 1048576K
}
Event: 33.973 GC heap after
{Heap after GC invocations=41 (full 0):
 garbage-first heap   total 156672K, used 93357K [0x0000000080000000, 0x0000000100000000)
  region size 1024K, 6 young (6144K), 6 survivors (6144K)
 Metaspace       used 104981K, committed 107264K, reserved 1179648K
  class space    used 14856K, committed 15936K, reserved 1048576K
}
Event: 34.966 GC heap before
{Heap before GC invocations=41 (full 0):
 garbage-first heap   total 156672K, used 145581K [0x0000000080000000, 0x0000000100000000)
  region size 1024K, 57 young (58368K), 6 survivors (6144K)
 Metaspace       used 108556K, committed 110848K, reserved 1179648K
  class space    used 15413K, committed 16512K, reserved 1048576K
}
Event: 34.977 GC heap after
{Heap after GC invocations=42 (full 0):
 garbage-first heap   total 156672K, used 95909K [0x0000000080000000, 0x0000000100000000)
  region size 1024K, 7 young (7168K), 7 survivors (7168K)
 Metaspace       used 108556K, committed 110848K, reserved 1179648K
  class space    used 15413K, committed 16512K, reserved 1048576K
}

