# JRE version: OpenJDK Runtime Environment (21.0.10) (build 21.0.10+-14961533-b1163.108)
# Java VM: OpenJDK 64-Bit Server VM (21.0.10+-14961533-b1163.108, mixed mode, tiered, compressed oops, compressed class ptrs, g1 gc, windows-amd64)
GC Precious Log:
 CardTable entry size: 512
 Card Set container configuration: InlinePtr #cards 5 size 8 Array Of Cards #cards 12 size 40 Howl #buckets 4 coarsen threshold 1843 Howl Bitmap #cards 512 size 80 coarsen threshold 460 Card regions per heap region 1 cards per card region 2048
 CPUs: 12 total, 12 available
 Memory: 16068M
 Large Page Support: Disabled
 NUMA Support: Disabled
 Compressed Oops: Enabled (32-bit)
 Heap Region Size: 1M
 Heap Min Capacity: 8M
 Heap Initial Capacity: 252M
 Heap Max Capacity: 2G
 Pre-touch: Disabled
 Parallel Workers: 10
 Concurrent Workers: 3
 Concurrent Refinement Workers: 10
 Periodic GC: Disabled
Heap:
 garbage-first heap   total 149504K, used 125179K [0x0000000080000000, 0x0000000100000000)
  region size 1024K, 74 young (75776K), 9 survivors (9216K)
 Metaspace       used 88457K, committed 90368K, reserved 1179648K
  class space    used 12777K, committed 13696K, reserved 1048576K
GC Heap History (20 events):
Event: 18.799 GC heap after
{Heap after GC invocations=18 (full 0):
 garbage-first heap   total 107520K, used 50562K [0x0000000080000000, 0x0000000100000000)
  region size 1024K, 7 young (7168K), 7 survivors (7168K)
 Metaspace       used 71150K, committed 73024K, reserved 1114112K
  class space    used 10185K, committed 11072K, reserved 1048576K
}
Event: 19.014 GC heap before
{Heap before GC invocations=18 (full 0):
 garbage-first heap   total 107520K, used 97666K [0x0000000080000000, 0x0000000100000000)
  region size 1024K, 53 young (54272K), 7 survivors (7168K)
 Metaspace       used 71328K, committed 73216K, reserved 1114112K
  class space    used 10185K, committed 11072K, reserved 1048576K
}
Event: 19.022 GC heap after
{Heap after GC invocations=19 (full 0):
 garbage-first heap   total 107520K, used 51752K [0x0000000080000000, 0x0000000100000000)
  region size 1024K, 2 young (2048K), 2 survivors (2048K)
 Metaspace       used 71328K, committed 73216K, reserved 1114112K
  class space    used 10185K, committed 11072K, reserved 1048576K
}
Event: 19.164 GC heap before
{Heap before GC invocations=19 (full 0):
 garbage-first heap   total 107520K, used 97832K [0x0000000080000000, 0x0000000100000000)
  region size 1024K, 48 young (49152K), 2 survivors (2048K)
 Metaspace       used 71416K, committed 73280K, reserved 1114112K
  class space    used 10186K, committed 11072K, reserved 1048576K
}
Event: 19.168 GC heap after
{Heap after GC invocations=20 (full 0):
 garbage-first heap   total 107520K, used 52160K [0x0000000080000000, 0x0000000100000000)
  region size 1024K, 2 young (2048K), 2 survivors (2048K)
 Metaspace       used 71416K, committed 73280K, reserved 1114112K
  class space    used 10186K, committed 11072K, reserved 1048576K
}
Event: 19.357 GC heap before
{Heap before GC invocations=21 (full 0):
 garbage-first heap   total 107520K, used 99264K [0x0000000080000000, 0x0000000100000000)
  region size 1024K, 49 young (50176K), 2 survivors (2048K)
 Metaspace       used 71521K, committed 73408K, reserved 1114112K
  class space    used 10186K, committed 11072K, reserved 1048576K
}
Event: 19.361 GC heap after
{Heap after GC invocations=22 (full 0):
 garbage-first heap   total 107520K, used 52779K [0x0000000080000000, 0x0000000100000000)
  region size 1024K, 3 young (3072K), 3 survivors (3072K)
 Metaspace       used 71521K, committed 73408K, reserved 1114112K
  class space    used 10186K, committed 11072K, reserved 1048576K
}
Event: 19.486 GC heap before
{Heap before GC invocations=22 (full 0):
 garbage-first heap   total 107520K, used 100907K [0x0000000080000000, 0x0000000100000000)
  region size 1024K, 50 young (51200K), 3 survivors (3072K)
 Metaspace       used 71525K, committed 73408K, reserved 1114112K
  class space    used 10186K, committed 11072K, reserved 1048576K
}
Event: 19.490 GC heap after
{Heap after GC invocations=23 (full 0):
 garbage-first heap   total 107520K, used 53092K [0x0000000080000000, 0x0000000100000000)
  region size 1024K, 4 young (4096K), 4 survivors (4096K)
 Metaspace       used 71525K, committed 73408K, reserved 1114112K
  class space    used 10186K, committed 11072K, reserved 1048576K
}
Event: 19.587 GC heap before
{Heap before GC invocations=23 (full 0):
 garbage-first heap   total 107520K, used 99172K [0x0000000080000000, 0x0000000100000000)
  region size 1024K, 50 young (51200K), 4 survivors (4096K)
 Metaspace       used 71587K, committed 73472K, reserved 1114112K
  class space    used 10186K, committed 11072K, reserved 1048576K
}
Event: 19.592 GC heap after
{Heap after GC invocations=24 (full 0):
 garbage-first heap   total 130048K, used 53391K [0x0000000080000000, 0x0000000100000000)
  region size 1024K, 4 young (4096K), 4 survivors (4096K)
 Metaspace       used 71587K, committed 73472K, reserved 1114112K
  class space    used 10186K, committed 11072K, reserved 1048576K
}
Event: 19.775 GC heap before
{Heap before GC invocations=25 (full 0):
 garbage-first heap   total 130048K, used 120975K [0x0000000080000000, 0x0000000100000000)
  region size 1024K, 71 young (72704K), 4 survivors (4096K)
 Metaspace       used 71591K, committed 73472K, reserved 1114112K
  class space    used 10186K, committed 11072K, reserved 1048576K
}
Event: 19.779 GC heap after
{Heap after GC invocations=26 (full 0):
 garbage-first heap   total 130048K, used 54117K [0x0000000080000000, 0x0000000100000000)
  region size 1024K, 5 young (5120K), 5 survivors (5120K)
 Metaspace       used 71591K, committed 73472K, reserved 1114112K
  class space    used 10186K, committed 11072K, reserved 1048576K
}
Event: 19.903 GC heap before
{Heap before GC invocations=26 (full 0):
 garbage-first heap   total 130048K, used 120677K [0x0000000080000000, 0x0000000100000000)
  region size 1024K, 71 young (72704K), 5 survivors (5120K)
 Metaspace       used 71598K, committed 73472K, reserved 1114112K
  class space    used 10186K, committed 11072K, reserved 1048576K
}
Event: 19.908 GC heap after
{Heap after GC invocations=27 (full 0):
 garbage-first heap   total 130048K, used 54569K [0x0000000080000000, 0x0000000100000000)
  region size 1024K, 5 young (5120K), 5 survivors (5120K)
 Metaspace       used 71598K, committed 73472K, reserved 1114112K
  class space    used 10186K, committed 11072K, reserved 1048576K
}
Event: 20.754 GC heap before
{Heap before GC invocations=27 (full 0):
 garbage-first heap   total 130048K, used 121129K [0x0000000080000000, 0x0000000100000000)
  region size 1024K, 71 young (72704K), 5 survivors (5120K)
 Metaspace       used 74125K, committed 75968K, reserved 1114112K
  class space    used 10619K, committed 11520K, reserved 1048576K
}
Event: 20.766 GC heap after
{Heap after GC invocations=28 (full 0):
 garbage-first heap   total 131072K, used 57180K [0x0000000080000000, 0x0000000100000000)
  region size 1024K, 8 young (8192K), 8 survivors (8192K)
 Metaspace       used 74125K, committed 75968K, reserved 1114112K
  class space    used 10619K, committed 11520K, reserved 1048576K
}
Event: 22.354 GC heap before
{Heap before GC invocations=29 (full 0):
 garbage-first heap   total 131072K, used 121692K [0x0000000080000000, 0x0000000100000000)
  region size 1024K, 72 young (73728K), 8 survivors (8192K)
 Metaspace       used 84546K, committed 86400K, reserved 1179648K
  class space    used 12302K, committed 13184K, reserved 1048576K
}
Event: 22.370 GC heap after
{Heap after GC invocations=30 (full 0):
 garbage-first heap   total 133120K, used 58619K [0x0000000080000000, 0x0000000100000000)
  region size 1024K, 6 young (6144K), 6 survivors (6144K)
 Metaspace       used 84546K, committed 86400K, reserved 1179648K
  class space    used 12302K, committed 13184K, reserved 1048576K
}
Event: 22.964 GC heap before
{Heap before GC invocations=30 (full 0):
 garbage-first heap   total 133120K, used 125179K [0x0000000080000000, 0x0000000100000000)
  region size 1024K, 71 young (72704K), 6 survivors (6144K)
 Metaspace       used 88457K, committed 90368K, reserved 1179648K
  class space    used 12777K, committed 13696K, reserved 1048576K
}

