# JRE version: OpenJDK Runtime Environment (21.0.10) (build 21.0.10+-14961533-b1163.108)
# Java VM: OpenJDK 64-Bit Server VM (21.0.10+-14961533-b1163.108, mixed mode, tiered, compressed oops, compressed class ptrs, g1 gc, windows-amd64)
GC Precious Log:
 CardTable entry size: 512
 Card Set container configuration: InlinePtr #cards 5 size 8 Array Of Cards #cards 12 size 40 Howl #buckets 4 coarsen threshold 1843 Howl Bitmap #cards 512 size 80 coarsen threshold 460 Card regions per heap region 1 cards per card region 2048
 CPUs: 12 total, 12 available
 Memory: 16068M
 Large Page Support: Disabled
 NUMA Support: Disabled
 Compressed Oops: Enabled (32-bit)
 Heap Region Size: 1M
 Heap Min Capacity: 8M
 Heap Initial Capacity: 252M
 Heap Max Capacity: 2G
 Pre-touch: Disabled
 Parallel Workers: 10
 Concurrent Workers: 3
 Concurrent Refinement Workers: 10
 Periodic GC: Disabled
Heap:
 garbage-first heap   total 239616K, used 158049K [0x0000000080000000, 0x0000000100000000)
  region size 1024K, 38 young (38912K), 10 survivors (10240K)
 Metaspace       used 108434K, committed 110656K, reserved 1179648K
  class space    used 15181K, committed 16256K, reserved 1048576K
GC Heap History (20 events):
Event: 17.225 GC heap before
{Heap before GC invocations=25 (full 0):
 garbage-first heap   total 138240K, used 129297K [0x0000000080000000, 0x0000000100000000)
  region size 1024K, 51 young (52224K), 3 survivors (3072K)
 Metaspace       used 73538K, committed 75456K, reserved 1114112K
  class space    used 10483K, committed 11392K, reserved 1048576K
}
Event: 17.230 GC heap after
{Heap after GC invocations=26 (full 0):
 garbage-first heap   total 166912K, used 80361K [0x0000000080000000, 0x0000000100000000)
  region size 1024K, 4 young (4096K), 4 survivors (4096K)
 Metaspace       used 73538K, committed 75456K, reserved 1114112K
  class space    used 10483K, committed 11392K, reserved 1048576K
}
Event: 17.396 GC heap before
{Heap before GC invocations=26 (full 0):
 garbage-first heap   total 166912K, used 155113K [0x0000000080000000, 0x0000000100000000)
  region size 1024K, 78 young (79872K), 4 survivors (4096K)
 Metaspace       used 73608K, committed 75456K, reserved 1114112K
  class space    used 10483K, committed 11392K, reserved 1048576K
}
Event: 17.406 GC heap after
{Heap after GC invocations=27 (full 0):
 garbage-first heap   total 166912K, used 81097K [0x0000000080000000, 0x0000000100000000)
  region size 1024K, 5 young (5120K), 5 survivors (5120K)
 Metaspace       used 73608K, committed 75456K, reserved 1114112K
  class space    used 10483K, committed 11392K, reserved 1048576K
}
Event: 17.596 GC heap before
{Heap before GC invocations=27 (full 0):
 garbage-first heap   total 166912K, used 154825K [0x0000000080000000, 0x0000000100000000)
  region size 1024K, 78 young (79872K), 5 survivors (5120K)
 Metaspace       used 73615K, committed 75456K, reserved 1114112K
  class space    used 10483K, committed 11392K, reserved 1048576K
}
Event: 17.601 GC heap after
{Heap after GC invocations=28 (full 0):
 garbage-first heap   total 166912K, used 81823K [0x0000000080000000, 0x0000000100000000)
  region size 1024K, 5 young (5120K), 5 survivors (5120K)
 Metaspace       used 73615K, committed 75456K, reserved 1114112K
  class space    used 10483K, committed 11392K, reserved 1048576K
}
Event: 17.748 GC heap before
{Heap before GC invocations=28 (full 0):
 garbage-first heap   total 166912K, used 156575K [0x0000000080000000, 0x0000000100000000)
  region size 1024K, 78 young (79872K), 5 survivors (5120K)
 Metaspace       used 73621K, committed 75456K, reserved 1114112K
  class space    used 10483K, committed 11392K, reserved 1048576K
}
Event: 17.752 GC heap after
{Heap after GC invocations=29 (full 0):
 garbage-first heap   total 166912K, used 82482K [0x0000000080000000, 0x0000000100000000)
  region size 1024K, 6 young (6144K), 6 survivors (6144K)
 Metaspace       used 73621K, committed 75456K, reserved 1114112K
  class space    used 10483K, committed 11392K, reserved 1048576K
}
Event: 18.516 GC heap before
{Heap before GC invocations=30 (full 0):
 garbage-first heap   total 166912K, used 164402K [0x0000000080000000, 0x0000000100000000)
  region size 1024K, 78 young (79872K), 6 survivors (6144K)
 Metaspace       used 74933K, committed 76928K, reserved 1114112K
  class space    used 10636K, committed 11584K, reserved 1048576K
}
Event: 18.528 GC heap after
{Heap after GC invocations=31 (full 0):
 garbage-first heap   total 228352K, used 97187K [0x0000000080000000, 0x0000000100000000)
  region size 1024K, 10 young (10240K), 10 survivors (10240K)
 Metaspace       used 74933K, committed 76928K, reserved 1114112K
  class space    used 10636K, committed 11584K, reserved 1048576K
}
Event: 20.104 GC heap before
{Heap before GC invocations=31 (full 0):
 garbage-first heap   total 228352K, used 214947K [0x0000000080000000, 0x0000000100000000)
  region size 1024K, 124 young (126976K), 10 survivors (10240K)
 Metaspace       used 85058K, committed 87040K, reserved 1179648K
  class space    used 11901K, committed 12864K, reserved 1048576K
}
Event: 20.121 GC heap after
{Heap after GC invocations=32 (full 0):
 garbage-first heap   total 232448K, used 103709K [0x0000000080000000, 0x0000000100000000)
  region size 1024K, 13 young (13312K), 13 survivors (13312K)
 Metaspace       used 85058K, committed 87040K, reserved 1179648K
  class space    used 11901K, committed 12864K, reserved 1048576K
}
Event: 20.720 GC heap before
{Heap before GC invocations=32 (full 0):
 garbage-first heap   total 232448K, used 130333K [0x0000000080000000, 0x0000000100000000)
  region size 1024K, 40 young (40960K), 13 survivors (13312K)
 Metaspace       used 87552K, committed 89600K, reserved 1179648K
  class space    used 12222K, committed 13248K, reserved 1048576K
}
Event: 20.728 GC heap after
{Heap after GC invocations=33 (full 0):
 garbage-first heap   total 232448K, used 106144K [0x0000000080000000, 0x0000000100000000)
  region size 1024K, 7 young (7168K), 7 survivors (7168K)
 Metaspace       used 87552K, committed 89600K, reserved 1179648K
  class space    used 12222K, committed 13248K, reserved 1048576K
}
Event: 23.286 GC heap before
{Heap before GC invocations=34 (full 0):
 garbage-first heap   total 232448K, used 221856K [0x0000000080000000, 0x0000000100000000)
  region size 1024K, 116 young (118784K), 7 survivors (7168K)
 Metaspace       used 93530K, committed 95680K, reserved 1179648K
  class space    used 13035K, committed 14080K, reserved 1048576K
}
Event: 23.301 GC heap after
{Heap after GC invocations=35 (full 0):
 garbage-first heap   total 237568K, used 114064K [0x0000000080000000, 0x0000000100000000)
  region size 1024K, 13 young (13312K), 13 survivors (13312K)
 Metaspace       used 93530K, committed 95680K, reserved 1179648K
  class space    used 13035K, committed 14080K, reserved 1048576K
}
Event: 27.260 GC heap before
{Heap before GC invocations=35 (full 0):
 garbage-first heap   total 237568K, used 221584K [0x0000000080000000, 0x0000000100000000)
  region size 1024K, 118 young (120832K), 13 survivors (13312K)
 Metaspace       used 100427K, committed 102592K, reserved 1179648K
  class space    used 14190K, committed 15232K, reserved 1048576K
}
Event: 27.284 GC heap after
{Heap after GC invocations=36 (full 0):
 garbage-first heap   total 239616K, used 116963K [0x0000000080000000, 0x0000000100000000)
  region size 1024K, 12 young (12288K), 12 survivors (12288K)
 Metaspace       used 100427K, committed 102592K, reserved 1179648K
  class space    used 14190K, committed 15232K, reserved 1048576K
}
Event: 30.195 GC heap before
{Heap before GC invocations=36 (full 0):
 garbage-first heap   total 239616K, used 181475K [0x0000000080000000, 0x0000000100000000)
  region size 1024K, 77 young (78848K), 12 survivors (12288K)
 Metaspace       used 104666K, committed 106880K, reserved 1179648K
  class space    used 14712K, committed 15808K, reserved 1048576K
}
Event: 30.212 GC heap after
{Heap after GC invocations=37 (full 0):
 garbage-first heap   total 239616K, used 123233K [0x0000000080000000, 0x0000000100000000)
  region size 1024K, 10 young (10240K), 10 survivors (10240K)
 Metaspace       used 104666K, committed 106880K, reserved 1179648K
  class space    used 14712K, committed 15808K, reserved 1048576K
}

