# JRE version: OpenJDK Runtime Environment (21.0.10) (build 21.0.10+-14961533-b1163.108)
# Java VM: OpenJDK 64-Bit Server VM (21.0.10+-14961533-b1163.108, mixed mode, tiered, compressed oops, compressed class ptrs, g1 gc, windows-amd64)
GC Precious Log:
 CardTable entry size: 512
 Card Set container configuration: InlinePtr #cards 5 size 8 Array Of Cards #cards 12 size 40 Howl #buckets 4 coarsen threshold 1843 Howl Bitmap #cards 512 size 80 coarsen threshold 460 Card regions per heap region 1 cards per card region 2048
 CPUs: 12 total, 12 available
 Memory: 16068M
 Large Page Support: Disabled
 NUMA Support: Disabled
 Compressed Oops: Enabled (32-bit)
 Heap Region Size: 1M
 Heap Min Capacity: 8M
 Heap Initial Capacity: 252M
 Heap Max Capacity: 2G
 Pre-touch: Disabled
 Parallel Workers: 10
 Concurrent Workers: 3
 Concurrent Refinement Workers: 10
 Periodic GC: Disabled
Heap:
 garbage-first heap   total 320512K, used 217388K [0x0000000080000000, 0x0000000100000000)
  region size 1024K, 58 young (59392K), 8 survivors (8192K)
 Metaspace       used 142272K, committed 144768K, reserved 1179648K
  class space    used 19593K, committed 20800K, reserved 1048576K
GC Heap History (20 events):
Event: 31.668 GC heap before
{Heap before GC invocations=51 (full 0):
 garbage-first heap   total 320512K, used 302261K [0x0000000080000000, 0x0000000100000000)
  region size 1024K, 146 young (149504K), 11 survivors (11264K)
 Metaspace       used 136732K, committed 139072K, reserved 1179648K
  class space    used 18994K, committed 20160K, reserved 1048576K
}
Event: 31.677 GC heap after
{Heap after GC invocations=52 (full 0):
 garbage-first heap   total 320512K, used 162659K [0x0000000080000000, 0x0000000100000000)
  region size 1024K, 7 young (7168K), 7 survivors (7168K)
 Metaspace       used 136732K, committed 139072K, reserved 1179648K
  class space    used 18994K, committed 20160K, reserved 1048576K
}
Event: 32.275 GC heap before
{Heap before GC invocations=52 (full 0):
 garbage-first heap   total 320512K, used 299875K [0x0000000080000000, 0x0000000100000000)
  region size 1024K, 141 young (144384K), 7 survivors (7168K)
 Metaspace       used 136738K, committed 139136K, reserved 1179648K
  class space    used 18994K, committed 20160K, reserved 1048576K
}
Event: 32.284 GC heap after
{Heap after GC invocations=53 (full 0):
 garbage-first heap   total 320512K, used 162667K [0x0000000080000000, 0x0000000100000000)
  region size 1024K, 7 young (7168K), 7 survivors (7168K)
 Metaspace       used 136738K, committed 139136K, reserved 1179648K
  class space    used 18994K, committed 20160K, reserved 1048576K
}
Event: 33.905 GC heap before
{Heap before GC invocations=54 (full 0):
 garbage-first heap   total 320512K, used 300907K [0x0000000080000000, 0x0000000100000000)
  region size 1024K, 144 young (147456K), 7 survivors (7168K)
 Metaspace       used 140298K, committed 142720K, reserved 1179648K
  class space    used 19391K, committed 20544K, reserved 1048576K
}
Event: 33.913 GC heap after
{Heap after GC invocations=55 (full 0):
 garbage-first heap   total 320512K, used 162255K [0x0000000080000000, 0x0000000100000000)
  region size 1024K, 8 young (8192K), 8 survivors (8192K)
 Metaspace       used 140298K, committed 142720K, reserved 1179648K
  class space    used 19391K, committed 20544K, reserved 1048576K
}
Event: 34.467 GC heap before
{Heap before GC invocations=55 (full 0):
 garbage-first heap   total 320512K, used 301519K [0x0000000080000000, 0x0000000100000000)
  region size 1024K, 145 young (148480K), 8 survivors (8192K)
 Metaspace       used 140331K, committed 142720K, reserved 1179648K
  class space    used 19391K, committed 20544K, reserved 1048576K
}
Event: 34.475 GC heap after
{Heap after GC invocations=56 (full 0):
 garbage-first heap   total 320512K, used 161575K [0x0000000080000000, 0x0000000100000000)
  region size 1024K, 8 young (8192K), 8 survivors (8192K)
 Metaspace       used 140331K, committed 142720K, reserved 1179648K
  class space    used 19391K, committed 20544K, reserved 1048576K
}
Event: 35.959 GC heap before
{Heap before GC invocations=56 (full 0):
 garbage-first heap   total 320512K, used 301863K [0x0000000080000000, 0x0000000100000000)
  region size 1024K, 146 young (149504K), 8 survivors (8192K)
 Metaspace       used 140427K, committed 142848K, reserved 1179648K
  class space    used 19396K, committed 20544K, reserved 1048576K
}
Event: 35.967 GC heap after
{Heap after GC invocations=57 (full 0):
 garbage-first heap   total 320512K, used 163285K [0x0000000080000000, 0x0000000100000000)
  region size 1024K, 10 young (10240K), 10 survivors (10240K)
 Metaspace       used 140427K, committed 142848K, reserved 1179648K
  class space    used 19396K, committed 20544K, reserved 1048576K
}
Event: 36.174 GC heap before
{Heap before GC invocations=58 (full 0):
 garbage-first heap   total 320512K, used 301525K [0x0000000080000000, 0x0000000100000000)
  region size 1024K, 146 young (149504K), 10 survivors (10240K)
 Metaspace       used 140467K, committed 142912K, reserved 1179648K
  class space    used 19396K, committed 20544K, reserved 1048576K
}
Event: 36.182 GC heap after
{Heap after GC invocations=59 (full 0):
 garbage-first heap   total 320512K, used 163623K [0x0000000080000000, 0x0000000100000000)
  region size 1024K, 10 young (10240K), 10 survivors (10240K)
 Metaspace       used 140467K, committed 142912K, reserved 1179648K
  class space    used 19396K, committed 20544K, reserved 1048576K
}
Event: 36.545 GC heap before
{Heap before GC invocations=59 (full 0):
 garbage-first heap   total 320512K, used 301863K [0x0000000080000000, 0x0000000100000000)
  region size 1024K, 146 young (149504K), 10 survivors (10240K)
 Metaspace       used 140618K, committed 143040K, reserved 1179648K
  class space    used 19413K, committed 20544K, reserved 1048576K
}
Event: 36.555 GC heap after
{Heap after GC invocations=60 (full 0):
 garbage-first heap   total 320512K, used 162799K [0x0000000080000000, 0x0000000100000000)
  region size 1024K, 10 young (10240K), 10 survivors (10240K)
 Metaspace       used 140618K, committed 143040K, reserved 1179648K
  class space    used 19413K, committed 20544K, reserved 1048576K
}
Event: 37.810 GC heap before
{Heap before GC invocations=60 (full 0):
 garbage-first heap   total 320512K, used 301039K [0x0000000080000000, 0x0000000100000000)
  region size 1024K, 146 young (149504K), 10 survivors (10240K)
 Metaspace       used 141007K, committed 143424K, reserved 1179648K
  class space    used 19443K, committed 20608K, reserved 1048576K
}
Event: 37.821 GC heap after
{Heap after GC invocations=61 (full 0):
 garbage-first heap   total 320512K, used 165868K [0x0000000080000000, 0x0000000100000000)
  region size 1024K, 13 young (13312K), 13 survivors (13312K)
 Metaspace       used 141007K, committed 143424K, reserved 1179648K
  class space    used 19443K, committed 20608K, reserved 1048576K
}
Event: 39.411 GC heap before
{Heap before GC invocations=62 (full 0):
 garbage-first heap   total 320512K, used 301036K [0x0000000080000000, 0x0000000100000000)
  region size 1024K, 146 young (149504K), 13 survivors (13312K)
 Metaspace       used 141073K, committed 143488K, reserved 1179648K
  class space    used 19444K, committed 20608K, reserved 1048576K
}
Event: 39.421 GC heap after
{Heap after GC invocations=63 (full 0):
 garbage-first heap   total 320512K, used 166966K [0x0000000080000000, 0x0000000100000000)
  region size 1024K, 12 young (12288K), 12 survivors (12288K)
 Metaspace       used 141073K, committed 143488K, reserved 1179648K
  class space    used 19444K, committed 20608K, reserved 1048576K
}
Event: 40.305 GC heap before
{Heap before GC invocations=63 (full 0):
 garbage-first heap   total 320512K, used 301110K [0x0000000080000000, 0x0000000100000000)
  region size 1024K, 144 young (147456K), 12 survivors (12288K)
 Metaspace       used 141087K, committed 143552K, reserved 1179648K
  class space    used 19444K, committed 20608K, reserved 1048576K
}
Event: 40.316 GC heap after
{Heap after GC invocations=64 (full 0):
 garbage-first heap   total 320512K, used 167212K [0x0000000080000000, 0x0000000100000000)
  region size 1024K, 8 young (8192K), 8 survivors (8192K)
 Metaspace       used 141087K, committed 143552K, reserved 1179648K
  class space    used 19444K, committed 20608K, reserved 1048576K
}

