# JRE version: OpenJDK Runtime Environment (21.0.10) (build 21.0.10+-14961533-b1163.108)
# Java VM: OpenJDK 64-Bit Server VM (21.0.10+-14961533-b1163.108, mixed mode, tiered, compressed oops, compressed class ptrs, g1 gc, windows-amd64)
GC Precious Log:
 CardTable entry size: 512
 Card Set container configuration: InlinePtr #cards 5 size 8 Array Of Cards #cards 12 size 40 Howl #buckets 4 coarsen threshold 1843 Howl Bitmap #cards 512 size 80 coarsen threshold 460 Card regions per heap region 1 cards per card region 2048
 CPUs: 12 total, 12 available
 Memory: 16068M
 Large Page Support: Disabled
 NUMA Support: Disabled
 Compressed Oops: Enabled (32-bit)
 Heap Region Size: 1M
 Heap Min Capacity: 8M
 Heap Initial Capacity: 252M
 Heap Max Capacity: 2G
 Pre-touch: Disabled
 Parallel Workers: 10
 Concurrent Workers: 3
 Concurrent Refinement Workers: 10
 Periodic GC: Disabled
Heap:
 garbage-first heap   total 172032K, used 80292K [0x0000000080000000, 0x0000000100000000)
  region size 1024K, 7 young (7168K), 4 survivors (4096K)
 Metaspace       used 85715K, committed 87808K, reserved 1179648K
  class space    used 11984K, committed 12992K, reserved 1048576K
GC Heap History (20 events):
Event: 6.734 GC heap before
{Heap before GC invocations=15 (full 0):
 garbage-first heap   total 112640K, used 101270K [0x0000000080000000, 0x0000000100000000)
  region size 1024K, 59 young (60416K), 4 survivors (4096K)
 Metaspace       used 70992K, committed 72896K, reserved 1114112K
  class space    used 10186K, committed 11072K, reserved 1048576K
}
Event: 6.740 GC heap after
{Heap after GC invocations=16 (full 0):
 garbage-first heap   total 112640K, used 49721K [0x0000000080000000, 0x0000000100000000)
  region size 1024K, 8 young (8192K), 8 survivors (8192K)
 Metaspace       used 70992K, committed 72896K, reserved 1114112K
  class space    used 10186K, committed 11072K, reserved 1048576K
}
Event: 6.888 GC heap before
{Heap before GC invocations=16 (full 0):
 garbage-first heap   total 112640K, used 100921K [0x0000000080000000, 0x0000000100000000)
  region size 1024K, 59 young (60416K), 8 survivors (8192K)
 Metaspace       used 71172K, committed 73088K, reserved 1114112K
  class space    used 10186K, committed 11072K, reserved 1048576K
}
Event: 6.893 GC heap after
{Heap after GC invocations=17 (full 0):
 garbage-first heap   total 112640K, used 51438K [0x0000000080000000, 0x0000000100000000)
  region size 1024K, 6 young (6144K), 6 survivors (6144K)
 Metaspace       used 71172K, committed 73088K, reserved 1114112K
  class space    used 10186K, committed 11072K, reserved 1048576K
}
Event: 6.974 GC heap before
{Heap before GC invocations=17 (full 0):
 garbage-first heap   total 112640K, used 101614K [0x0000000080000000, 0x0000000100000000)
  region size 1024K, 56 young (57344K), 6 survivors (6144K)
 Metaspace       used 71307K, committed 73152K, reserved 1114112K
  class space    used 10186K, committed 11072K, reserved 1048576K
}
Event: 6.977 GC heap after
{Heap after GC invocations=18 (full 0):
 garbage-first heap   total 112640K, used 52604K [0x0000000080000000, 0x0000000100000000)
  region size 1024K, 3 young (3072K), 3 survivors (3072K)
 Metaspace       used 71307K, committed 73152K, reserved 1114112K
  class space    used 10186K, committed 11072K, reserved 1048576K
}
Event: 7.069 GC heap before
{Heap before GC invocations=19 (full 0):
 garbage-first heap   total 112640K, used 103804K [0x0000000080000000, 0x0000000100000000)
  region size 1024K, 54 young (55296K), 3 survivors (3072K)
 Metaspace       used 71436K, committed 73344K, reserved 1114112K
  class space    used 10186K, committed 11072K, reserved 1048576K
}
Event: 7.071 GC heap after
{Heap after GC invocations=20 (full 0):
 garbage-first heap   total 112640K, used 52895K [0x0000000080000000, 0x0000000100000000)
  region size 1024K, 3 young (3072K), 3 survivors (3072K)
 Metaspace       used 71436K, committed 73344K, reserved 1114112K
  class space    used 10186K, committed 11072K, reserved 1048576K
}
Event: 7.134 GC heap before
{Heap before GC invocations=20 (full 0):
 garbage-first heap   total 112640K, used 106143K [0x0000000080000000, 0x0000000100000000)
  region size 1024K, 55 young (56320K), 3 survivors (3072K)
 Metaspace       used 71446K, committed 73344K, reserved 1114112K
  class space    used 10186K, committed 11072K, reserved 1048576K
}
Event: 7.138 GC heap after
{Heap after GC invocations=21 (full 0):
 garbage-first heap   total 112640K, used 53252K [0x0000000080000000, 0x0000000100000000)
  region size 1024K, 4 young (4096K), 4 survivors (4096K)
 Metaspace       used 71446K, committed 73344K, reserved 1114112K
  class space    used 10186K, committed 11072K, reserved 1048576K
}
Event: 7.191 GC heap before
{Heap before GC invocations=21 (full 0):
 garbage-first heap   total 112640K, used 104452K [0x0000000080000000, 0x0000000100000000)
  region size 1024K, 55 young (56320K), 4 survivors (4096K)
 Metaspace       used 71490K, committed 73344K, reserved 1114112K
  class space    used 10186K, committed 11072K, reserved 1048576K
}
Event: 7.545 GC heap after
{Heap after GC invocations=22 (full 0):
 garbage-first heap   total 152576K, used 53655K [0x0000000080000000, 0x0000000100000000)
  region size 1024K, 4 young (4096K), 4 survivors (4096K)
 Metaspace       used 71490K, committed 73344K, reserved 1114112K
  class space    used 10186K, committed 11072K, reserved 1048576K
}
Event: 7.638 GC heap before
{Heap before GC invocations=23 (full 0):
 garbage-first heap   total 152576K, used 139671K [0x0000000080000000, 0x0000000100000000)
  region size 1024K, 89 young (91136K), 4 survivors (4096K)
 Metaspace       used 71499K, committed 73344K, reserved 1114112K
  class space    used 10186K, committed 11072K, reserved 1048576K
}
Event: 7.640 GC heap after
{Heap after GC invocations=24 (full 0):
 garbage-first heap   total 152576K, used 54546K [0x0000000080000000, 0x0000000100000000)
  region size 1024K, 5 young (5120K), 5 survivors (5120K)
 Metaspace       used 71499K, committed 73344K, reserved 1114112K
  class space    used 10186K, committed 11072K, reserved 1048576K
}
Event: 7.707 GC heap before
{Heap before GC invocations=24 (full 0):
 garbage-first heap   total 152576K, used 140562K [0x0000000080000000, 0x0000000100000000)
  region size 1024K, 89 young (91136K), 5 survivors (5120K)
 Metaspace       used 71504K, committed 73344K, reserved 1114112K
  class space    used 10186K, committed 11072K, reserved 1048576K
}
Event: 7.711 GC heap after
{Heap after GC invocations=25 (full 0):
 garbage-first heap   total 152576K, used 54879K [0x0000000080000000, 0x0000000100000000)
  region size 1024K, 6 young (6144K), 6 survivors (6144K)
 Metaspace       used 71504K, committed 73344K, reserved 1114112K
  class space    used 10186K, committed 11072K, reserved 1048576K
}
Event: 7.881 GC heap before
{Heap before GC invocations=25 (full 0):
 garbage-first heap   total 152576K, used 79455K [0x0000000080000000, 0x0000000100000000)
  region size 1024K, 31 young (31744K), 6 survivors (6144K)
 Metaspace       used 71856K, committed 73792K, reserved 1114112K
  class space    used 10234K, committed 11136K, reserved 1048576K
}
Event: 7.886 GC heap after
{Heap after GC invocations=26 (full 0):
 garbage-first heap   total 152576K, used 56720K [0x0000000080000000, 0x0000000100000000)
  region size 1024K, 8 young (8192K), 8 survivors (8192K)
 Metaspace       used 71856K, committed 73792K, reserved 1114112K
  class space    used 10234K, committed 11136K, reserved 1048576K
}
Event: 8.733 GC heap before
{Heap before GC invocations=27 (full 0):
 garbage-first heap   total 152576K, used 147856K [0x0000000080000000, 0x0000000100000000)
  region size 1024K, 89 young (91136K), 8 survivors (8192K)
 Metaspace       used 77890K, committed 79744K, reserved 1179648K
  class space    used 10921K, committed 11776K, reserved 1048576K
}
Event: 8.741 GC heap after
{Heap after GC invocations=28 (full 0):
 garbage-first heap   total 164864K, used 72396K [0x0000000080000000, 0x0000000100000000)
  region size 1024K, 12 young (12288K), 12 survivors (12288K)
 Metaspace       used 77890K, committed 79744K, reserved 1179648K
  class space    used 10921K, committed 11776K, reserved 1048576K
}

