# JRE version: OpenJDK Runtime Environment (21.0.10) (build 21.0.10+-14961533-b1163.108)
# Java VM: OpenJDK 64-Bit Server VM (21.0.10+-14961533-b1163.108, mixed mode, tiered, compressed oops, compressed class ptrs, g1 gc, windows-amd64)
GC Precious Log:
 CardTable entry size: 512
 Card Set container configuration: InlinePtr #cards 5 size 8 Array Of Cards #cards 12 size 40 Howl #buckets 4 coarsen threshold 1843 Howl Bitmap #cards 512 size 80 coarsen threshold 460 Card regions per heap region 1 cards per card region 2048
 CPUs: 12 total, 12 available
 Memory: 16068M
 Large Page Support: Disabled
 NUMA Support: Disabled
 Compressed Oops: Enabled (32-bit)
 Heap Region Size: 1M
 Heap Min Capacity: 8M
 Heap Initial Capacity: 252M
 Heap Max Capacity: 2G
 Pre-touch: Disabled
 Parallel Workers: 10
 Concurrent Workers: 3
 Concurrent Refinement Workers: 10
 Periodic GC: Disabled
Heap:
 garbage-first heap   total 279552K, used 165689K [0x0000000080000000, 0x0000000100000000)
  region size 1024K, 68 young (69632K), 20 survivors (20480K)
 Metaspace       used 153504K, committed 155584K, reserved 1245184K
  class space    used 20238K, committed 21184K, reserved 1048576K
GC Heap History (20 events):
Event: 26.774 GC heap before
{Heap before GC invocations=36 (full 0):
 garbage-first heap   total 177152K, used 151986K [0x0000000080000000, 0x0000000100000000)
  region size 1024K, 54 young (55296K), 6 survivors (6144K)
 Metaspace       used 140758K, committed 142720K, reserved 1179648K
  class space    used 18789K, committed 19712K, reserved 1048576K
}
Event: 26.782 GC heap after
{Heap after GC invocations=37 (full 0):
 garbage-first heap   total 177152K, used 107385K [0x0000000080000000, 0x0000000100000000)
  region size 1024K, 4 young (4096K), 4 survivors (4096K)
 Metaspace       used 140758K, committed 142720K, reserved 1179648K
  class space    used 18789K, committed 19712K, reserved 1048576K
}
Event: 27.770 GC heap before
{Heap before GC invocations=37 (full 0):
 garbage-first heap   total 177152K, used 155513K [0x0000000080000000, 0x0000000100000000)
  region size 1024K, 51 young (52224K), 4 survivors (4096K)
 Metaspace       used 146676K, committed 148608K, reserved 1179648K
  class space    used 19587K, committed 20480K, reserved 1048576K
}
Event: 27.779 GC heap after
{Heap after GC invocations=38 (full 0):
 garbage-first heap   total 177152K, used 110100K [0x0000000080000000, 0x0000000100000000)
  region size 1024K, 4 young (4096K), 4 survivors (4096K)
 Metaspace       used 146676K, committed 148608K, reserved 1179648K
  class space    used 19587K, committed 20480K, reserved 1048576K
}
Event: 30.110 GC heap before
{Heap before GC invocations=38 (full 0):
 garbage-first heap   total 177152K, used 157204K [0x0000000080000000, 0x0000000100000000)
  region size 1024K, 50 young (51200K), 4 survivors (4096K)
 Metaspace       used 152256K, committed 154304K, reserved 1245184K
  class space    used 20186K, committed 21120K, reserved 1048576K
}
Event: 30.118 GC heap after
{Heap after GC invocations=39 (full 0):
 garbage-first heap   total 177152K, used 113288K [0x0000000080000000, 0x0000000100000000)
  region size 1024K, 7 young (7168K), 7 survivors (7168K)
 Metaspace       used 152256K, committed 154304K, reserved 1245184K
  class space    used 20186K, committed 21120K, reserved 1048576K
}
Event: 30.426 GC heap before
{Heap before GC invocations=40 (full 0):
 garbage-first heap   total 191488K, used 158344K [0x0000000080000000, 0x0000000100000000)
  region size 1024K, 52 young (53248K), 7 survivors (7168K)
 Metaspace       used 152468K, committed 154496K, reserved 1245184K
  class space    used 20189K, committed 21120K, reserved 1048576K
}
Event: 30.432 GC heap after
{Heap after GC invocations=41 (full 0):
 garbage-first heap   total 191488K, used 114985K [0x0000000080000000, 0x0000000100000000)
  region size 1024K, 5 young (5120K), 5 survivors (5120K)
 Metaspace       used 152468K, committed 154496K, reserved 1245184K
  class space    used 20189K, committed 21120K, reserved 1048576K
}
Event: 30.647 GC heap before
{Heap before GC invocations=41 (full 0):
 garbage-first heap   total 191488K, used 171305K [0x0000000080000000, 0x0000000100000000)
  region size 1024K, 61 young (62464K), 5 survivors (5120K)
 Metaspace       used 152648K, committed 154688K, reserved 1245184K
  class space    used 20189K, committed 21120K, reserved 1048576K
}
Event: 30.653 GC heap after
{Heap after GC invocations=42 (full 0):
 garbage-first heap   total 191488K, used 115056K [0x0000000080000000, 0x0000000100000000)
  region size 1024K, 3 young (3072K), 3 survivors (3072K)
 Metaspace       used 152648K, committed 154688K, reserved 1245184K
  class space    used 20189K, committed 21120K, reserved 1048576K
}
Event: 30.807 GC heap before
{Heap before GC invocations=42 (full 0):
 garbage-first heap   total 191488K, used 173424K [0x0000000080000000, 0x0000000100000000)
  region size 1024K, 61 young (62464K), 3 survivors (3072K)
 Metaspace       used 152746K, committed 154752K, reserved 1245184K
  class space    used 20189K, committed 21120K, reserved 1048576K
}
Event: 30.811 GC heap after
{Heap after GC invocations=43 (full 0):
 garbage-first heap   total 191488K, used 115837K [0x0000000080000000, 0x0000000100000000)
  region size 1024K, 4 young (4096K), 4 survivors (4096K)
 Metaspace       used 152746K, committed 154752K, reserved 1245184K
  class space    used 20189K, committed 21120K, reserved 1048576K
}
Event: 30.984 GC heap before
{Heap before GC invocations=44 (full 0):
 garbage-first heap   total 191488K, used 159869K [0x0000000080000000, 0x0000000100000000)
  region size 1024K, 64 young (65536K), 4 survivors (4096K)
 Metaspace       used 152772K, committed 154752K, reserved 1245184K
  class space    used 20190K, committed 21120K, reserved 1048576K
}
Event: 30.988 GC heap after
{Heap after GC invocations=45 (full 0):
 garbage-first heap   total 191488K, used 100170K [0x0000000080000000, 0x0000000100000000)
  region size 1024K, 5 young (5120K), 5 survivors (5120K)
 Metaspace       used 152772K, committed 154752K, reserved 1245184K
  class space    used 20190K, committed 21120K, reserved 1048576K
}
Event: 31.103 GC heap before
{Heap before GC invocations=45 (full 0):
 garbage-first heap   total 191488K, used 173898K [0x0000000080000000, 0x0000000100000000)
  region size 1024K, 78 young (79872K), 5 survivors (5120K)
 Metaspace       used 152829K, committed 154880K, reserved 1245184K
  class space    used 20190K, committed 21120K, reserved 1048576K
}
Event: 31.111 GC heap after
{Heap after GC invocations=46 (full 0):
 garbage-first heap   total 191488K, used 85221K [0x0000000080000000, 0x0000000100000000)
  region size 1024K, 6 young (6144K), 6 survivors (6144K)
 Metaspace       used 152829K, committed 154880K, reserved 1245184K
  class space    used 20190K, committed 21120K, reserved 1048576K
}
Event: 31.254 GC heap before
{Heap before GC invocations=46 (full 0):
 garbage-first heap   total 191488K, used 172261K [0x0000000080000000, 0x0000000100000000)
  region size 1024K, 92 young (94208K), 6 survivors (6144K)
 Metaspace       used 152837K, committed 154880K, reserved 1245184K
  class space    used 20190K, committed 21120K, reserved 1048576K
}
Event: 31.260 GC heap after
{Heap after GC invocations=47 (full 0):
 garbage-first heap   total 274432K, used 84178K [0x0000000080000000, 0x0000000100000000)
  region size 1024K, 6 young (6144K), 6 survivors (6144K)
 Metaspace       used 152837K, committed 154880K, reserved 1245184K
  class space    used 20190K, committed 21120K, reserved 1048576K
}
Event: 31.809 GC heap before
{Heap before GC invocations=47 (full 0):
 garbage-first heap   total 274432K, used 239826K [0x0000000080000000, 0x0000000100000000)
  region size 1024K, 159 young (162816K), 6 survivors (6144K)
 Metaspace       used 153190K, committed 155200K, reserved 1245184K
  class space    used 20237K, committed 21184K, reserved 1048576K
}
Event: 31.828 GC heap after
{Heap after GC invocations=48 (full 0):
 garbage-first heap   total 279552K, used 116537K [0x0000000080000000, 0x0000000100000000)
  region size 1024K, 20 young (20480K), 20 survivors (20480K)
 Metaspace       used 153190K, committed 155200K, reserved 1245184K
  class space    used 20237K, committed 21184K, reserved 1048576K
}

